<?xml version="1.0" encoding="utf-8"?>
<coverage line-rate="0.7291" branch-rate="0.5832999999999999" version="1.9" timestamp="1756258409" lines-covered="35" lines-valid="48" branches-covered="7" branches-valid="12">
  <sources>
    <source>/Users/Silvana/repos/microsservico/src/services/UserService/</source>
  </sources>
  <packages>
    <package name="UserService.Domain" line-rate="0.9523" branch-rate="0.625" complexity="14">
      <classes>
        <class name="UserService.Domain.Entities.User" filename="UserService.Domain/Entities/User.cs" line-rate="0.9523" branch-rate="0.625" complexity="14">
          <methods>
            <method name="get_Id" signature="()" line-rate="1" branch-rate="1" complexity="1">
              <lines>
                <line number="5" hits="8" branch="False" />
              </lines>
            </method>
            <method name="get_Name" signature="()" line-rate="1" branch-rate="1" complexity="1">
              <lines>
                <line number="6" hits="9" branch="False" />
              </lines>
            </method>
            <method name="get_Email" signature="()" line-rate="1" branch-rate="1" complexity="1">
              <lines>
                <line number="7" hits="9" branch="False" />
              </lines>
            </method>
            <method name="get_CreatedAt" signature="()" line-rate="1" branch-rate="1" complexity="1">
              <lines>
                <line number="8" hits="7" branch="False" />
              </lines>
            </method>
            <method name="get_UpdatedAt" signature="()" line-rate="1" branch-rate="1" complexity="1">
              <lines>
                <line number="9" hits="7" branch="False" />
              </lines>
            </method>
            <method name="UpdateName" signature="(System.String)" line-rate="1" branch-rate="0.5" complexity="2">
              <lines>
                <line number="20" hits="1" branch="False" />
                <line number="21" hits="1" branch="True" condition-coverage="50% (1/2)">
                  <conditions>
                    <condition number="4" type="jump" coverage="50%" />
                  </conditions>
                </line>
                <line number="22" hits="1" branch="False" />
                <line number="23" hits="1" branch="False" />
              </lines>
            </method>
            <method name="UpdateEmail" signature="(System.String)" line-rate="1" branch-rate="0.5" complexity="2">
              <lines>
                <line number="26" hits="1" branch="False" />
                <line number="27" hits="1" branch="True" condition-coverage="50% (1/2)">
                  <conditions>
                    <condition number="4" type="jump" coverage="50%" />
                  </conditions>
                </line>
                <line number="28" hits="1" branch="False" />
                <line number="29" hits="1" branch="False" />
              </lines>
            </method>
            <method name=".ctor" signature="(System.String,System.String)" line-rate="1" branch-rate="0.75" complexity="4">
              <lines>
                <line number="11" hits="6" branch="False" />
                <line number="12" hits="6" branch="False" />
                <line number="13" hits="6" branch="False" />
                <line number="14" hits="6" branch="True" condition-coverage="100% (2/2)">
                  <conditions>
                    <condition number="23" type="jump" coverage="100%" />
                  </conditions>
                </line>
                <line number="15" hits="5" branch="True" condition-coverage="50% (1/2)">
                  <conditions>
                    <condition number="46" type="jump" coverage="50%" />
                  </conditions>
                </line>
                <line number="16" hits="5" branch="False" />
                <line number="17" hits="5" branch="False" />
              </lines>
            </method>
            <method name=".ctor" signature="()" line-rate="0" branch-rate="1" complexity="1">
              <lines>
                <line number="32" hits="0" branch="False" />
              </lines>
            </method>
          </methods>
          <lines>
            <line number="5" hits="8" branch="False" />
            <line number="6" hits="9" branch="False" />
            <line number="7" hits="9" branch="False" />
            <line number="8" hits="7" branch="False" />
            <line number="9" hits="7" branch="False" />
            <line number="20" hits="1" branch="False" />
            <line number="21" hits="1" branch="True" condition-coverage="50% (1/2)">
              <conditions>
                <condition number="4" type="jump" coverage="50%" />
              </conditions>
            </line>
            <line number="22" hits="1" branch="False" />
            <line number="23" hits="1" branch="False" />
            <line number="26" hits="1" branch="False" />
            <line number="27" hits="1" branch="True" condition-coverage="50% (1/2)">
              <conditions>
                <condition number="4" type="jump" coverage="50%" />
              </conditions>
            </line>
            <line number="28" hits="1" branch="False" />
            <line number="29" hits="1" branch="False" />
            <line number="11" hits="6" branch="False" />
            <line number="12" hits="6" branch="False" />
            <line number="13" hits="6" branch="False" />
            <line number="14" hits="6" branch="True" condition-coverage="100% (2/2)">
              <conditions>
                <condition number="23" type="jump" coverage="100%" />
              </conditions>
            </line>
            <line number="15" hits="5" branch="True" condition-coverage="50% (1/2)">
              <conditions>
                <condition number="46" type="jump" coverage="50%" />
              </conditions>
            </line>
            <line number="16" hits="5" branch="False" />
            <line number="17" hits="5" branch="False" />
            <line number="32" hits="0" branch="False" />
          </lines>
        </class>
      </classes>
    </package>
    <package name="UserService.Application" line-rate="0.5555" branch-rate="0.5" complexity="10">
      <classes>
        <class name="UserService.Application.Queries.GetUser.GetUserQuery" filename="UserService.Application/Queries/GetUser/GetUserQuery.cs" line-rate="0" branch-rate="1" complexity="1">
          <methods>
            <method name="get_Id" signature="()" line-rate="0" branch-rate="1" complexity="1">
              <lines>
                <line number="5" hits="0" branch="False" />
              </lines>
            </method>
          </methods>
          <lines>
            <line number="5" hits="0" branch="False" />
          </lines>
        </class>
        <class name="UserService.Application.Queries.GetUser.GetUserQueryHandler" filename="UserService.Application/Queries/GetUser/GetUserQueryHandler.cs" line-rate="0" branch-rate="1" complexity="1">
          <methods>
            <method name=".ctor" signature="(UserService.Domain.Repositories.IUserRepository)" line-rate="0" branch-rate="1" complexity="1">
              <lines>
                <line number="10" hits="0" branch="False" />
                <line number="11" hits="0" branch="False" />
                <line number="12" hits="0" branch="False" />
                <line number="13" hits="0" branch="False" />
              </lines>
            </method>
          </methods>
          <lines>
            <line number="10" hits="0" branch="False" />
            <line number="11" hits="0" branch="False" />
            <line number="12" hits="0" branch="False" />
            <line number="13" hits="0" branch="False" />
          </lines>
        </class>
        <class name="UserService.Application.Queries.GetUser.GetUserQueryHandler/&lt;Handle&gt;d__2" filename="UserService.Application/Queries/GetUser/GetUserQueryHandler.cs" line-rate="0" branch-rate="0" complexity="2">
          <methods>
            <method name="MoveNext" signature="()" line-rate="0" branch-rate="0" complexity="2">
              <lines>
                <line number="16" hits="0" branch="False" />
                <line number="17" hits="0" branch="False" />
                <line number="19" hits="0" branch="True" condition-coverage="0% (0/2)">
                  <conditions>
                    <condition number="175" type="jump" coverage="0%" />
                  </conditions>
                </line>
                <line number="20" hits="0" branch="False" />
                <line number="22" hits="0" branch="False" />
                <line number="23" hits="0" branch="False" />
              </lines>
            </method>
          </methods>
          <lines>
            <line number="16" hits="0" branch="False" />
            <line number="17" hits="0" branch="False" />
            <line number="19" hits="0" branch="True" condition-coverage="0% (0/2)">
              <conditions>
                <condition number="175" type="jump" coverage="0%" />
              </conditions>
            </line>
            <line number="20" hits="0" branch="False" />
            <line number="22" hits="0" branch="False" />
            <line number="23" hits="0" branch="False" />
          </lines>
        </class>
        <class name="UserService.Application.Queries.GetUser.GetUserResponse" filename="UserService.Application/Queries/GetUser/GetUserResponse.cs" line-rate="0" branch-rate="1" complexity="1">
          <methods>
            <method name="get_Id" signature="()" line-rate="0" branch-rate="1" complexity="1">
              <lines>
                <line number="3" hits="0" branch="False" />
              </lines>
            </method>
          </methods>
          <lines>
            <line number="3" hits="0" branch="False" />
          </lines>
        </class>
        <class name="UserService.Application.Commands.CreateUser.CreateUserCommand" filename="UserService.Application/Commands/CreateUser/CreateUserCommand.cs" line-rate="1" branch-rate="1" complexity="1">
          <methods>
            <method name="get_Name" signature="()" line-rate="1" branch-rate="1" complexity="1">
              <lines>
                <line number="5" hits="19" branch="False" />
              </lines>
            </method>
          </methods>
          <lines>
            <line number="5" hits="19" branch="False" />
          </lines>
        </class>
        <class name="UserService.Application.Commands.CreateUser.CreateUserCommandHandler" filename="UserService.Application/Commands/CreateUser/CreateUserCommandHandler.cs" line-rate="1" branch-rate="1" complexity="1">
          <methods>
            <method name=".ctor" signature="(UserService.Domain.Repositories.IUserRepository)" line-rate="1" branch-rate="1" complexity="1">
              <lines>
                <line number="11" hits="2" branch="False" />
                <line number="12" hits="2" branch="False" />
                <line number="13" hits="2" branch="False" />
                <line number="14" hits="2" branch="False" />
              </lines>
            </method>
          </methods>
          <lines>
            <line number="11" hits="2" branch="False" />
            <line number="12" hits="2" branch="False" />
            <line number="13" hits="2" branch="False" />
            <line number="14" hits="2" branch="False" />
          </lines>
        </class>
        <class name="UserService.Application.Commands.CreateUser.CreateUserCommandHandler/&lt;Handle&gt;d__2" filename="UserService.Application/Commands/CreateUser/CreateUserCommandHandler.cs" line-rate="1" branch-rate="1" complexity="2">
          <methods>
            <method name="MoveNext" signature="()" line-rate="1" branch-rate="1" complexity="2">
              <lines>
                <line number="17" hits="2" branch="False" />
                <line number="19" hits="2" branch="False" />
                <line number="20" hits="2" branch="True" condition-coverage="100% (2/2)">
                  <conditions>
                    <condition number="186" type="jump" coverage="100%" />
                  </conditions>
                </line>
                <line number="21" hits="1" branch="False" />
                <line number="22" hits="1" branch="False" />
                <line number="25" hits="1" branch="False" />
                <line number="26" hits="1" branch="False" />
                <line number="28" hits="1" branch="False" />
                <line number="29" hits="1" branch="False" />
              </lines>
            </method>
          </methods>
          <lines>
            <line number="17" hits="2" branch="False" />
            <line number="19" hits="2" branch="False" />
            <line number="20" hits="2" branch="True" condition-coverage="100% (2/2)">
              <conditions>
                <condition number="186" type="jump" coverage="100%" />
              </conditions>
            </line>
            <line number="21" hits="1" branch="False" />
            <line number="22" hits="1" branch="False" />
            <line number="25" hits="1" branch="False" />
            <line number="26" hits="1" branch="False" />
            <line number="28" hits="1" branch="False" />
            <line number="29" hits="1" branch="False" />
          </lines>
        </class>
        <class name="UserService.Application.Commands.CreateUser.CreateUserResponse" filename="UserService.Application/Commands/CreateUser/CreateUserResponse.cs" line-rate="1" branch-rate="1" complexity="1">
          <methods>
            <method name="get_Id" signature="()" line-rate="1" branch-rate="1" complexity="1">
              <lines>
                <line number="3" hits="5" branch="False" />
              </lines>
            </method>
          </methods>
          <lines>
            <line number="3" hits="5" branch="False" />
          </lines>
        </class>
      </classes>
    </package>
  </packages>
</coverage>